<?xml version="1.0" encoding="UTF-8"?>
<testng-results skipped="0" failed="0" total="1" passed="1">
  <reporter-output>
  </reporter-output>
  <suite name="Default suite" duration-ms="5505" started-at="2016-08-03T02:17:43Z" finished-at="2016-08-03T02:17:49Z">
    <groups>
    </groups>
    <test name="Default test" duration-ms="5505" started-at="2016-08-03T02:17:43Z" finished-at="2016-08-03T02:17:49Z">
      <class name="com.photo.testng.AlertTest2">
        <test-method status="PASS" signature="beforeMethod()[pri:0, instance:com.photo.testng.AlertTest2@174d20a]" name="beforeMethod" is-config="true" duration-ms="5280" started-at="2016-08-03T10:17:43Z" finished-at="2016-08-03T10:17:49Z">
          <reporter-output>
          </reporter-output>
        </test-method> <!-- beforeMethod -->
        <test-method status="PASS" signature="alertTest()[pri:0, instance:com.photo.testng.AlertTest2@174d20a]" name="alertTest" duration-ms="211" started-at="2016-08-03T10:17:49Z" finished-at="2016-08-03T10:17:49Z">
          <reporter-output>
          </reporter-output>
        </test-method> <!-- alertTest -->
      </class> <!-- com.photo.testng.AlertTest2 -->
    </test> <!-- Default test -->
  </suite> <!-- Default suite -->
</testng-results>
